Warning: Design 'fft' has '2' unresolved references. For more detailed information, use the "link" command. (UID-341)
 
****************************************
Report : timing
        -path full
        -delay min
        -max_paths 1
Design : fft
Version: V-2023.12-SP5-4
Date   : Mon Jul 28 21:47:28 2025
****************************************

 # A fanout number of 1000 was used for high fanout net computations.

Operating Conditions: TT_0P80V_0P00V_0P00V_0P00V_25C   Library: GF22FDX_SC7P5T_116CPP_BASE_CSC20L_TT_0P80V_0P00V_0P00V_0P00V_25C
Wire Load Model Mode: enclosed

  Startpoint: dut_02/SR64_IM/shift_din_reg_0__0__0_
              (rising edge-triggered flip-flop clocked by fft_clk)
  Endpoint: dut_02/SR64_IM/shift_din_reg_1__0__0_
            (rising edge-triggered flip-flop clocked by fft_clk)
  Path Group: fft_clk
  Path Type: min

  Point                                                   Incr       Path
  --------------------------------------------------------------------------
  clock fft_clk (rise edge)                               0.00       0.00
  clock network delay (ideal)                             0.00       0.00
  dut_02/SR64_IM/shift_din_reg_0__0__0_/CLK (SC7P5T_SDFFRQX1_A_CSC20L)
                                                          0.00 #     0.00 r
  dut_02/SR64_IM/shift_din_reg_0__0__0_/Q (SC7P5T_SDFFRQX1_A_CSC20L)
                                                         36.64      36.64 f
  dut_02/SR64_IM/shift_din_reg_1__0__0_/D (SC7P5T_DFFRQX1_AS_CSC20L)
                                                          0.00      36.64 f
  data arrival time                                                 36.64

  clock fft_clk (rise edge)                               0.00       0.00
  clock network delay (ideal)                             0.00       0.00
  clock uncertainty                                      50.00      50.00
  dut_02/SR64_IM/shift_din_reg_1__0__0_/CLK (SC7P5T_DFFRQX1_AS_CSC20L)
                                                          0.00      50.00 r
  library hold time                                      11.25      61.25
  data required time                                                61.25
  --------------------------------------------------------------------------
  data required time                                                61.25
  data arrival time                                                -36.64
  --------------------------------------------------------------------------
  slack (VIOLATED)                                                 -24.61


1
