Copyright 1986-2020 Xilinx, Inc. All Rights Reserved.
-----------------------------------------------------------------------------------------------------------------
| Tool Version : Vivado v.2020.2 (win64) Build 3064766 Wed Nov 18 09:12:45 MST 2020
| Date         : Tue Aug  5 00:28:07 2025
| Host         : DESKTOP-7CFQ9ND running 64-bit major release  (build 9200)
| Command      : report_utilization -file top_module_utilization_placed.rpt -pb top_module_utilization_placed.pb
| Design       : top_module
| Device       : xczu7evfbvb900-1
| Design State : Fully Placed
-----------------------------------------------------------------------------------------------------------------

Utilization Design Information

Table of Contents
-----------------
1. CLB Logic
1.1 Summary of Registers by Type
2. CLB Logic Distribution
3. BLOCKRAM
4. ARITHMETIC
5. I/O
6. CLOCK
7. ADVANCED
8. CONFIGURATION
9. Primitives
10. Black Boxes
11. Instantiated Netlists

1. CLB Logic
------------

+----------------------------+-------+-------+-----------+-------+
|          Site Type         |  Used | Fixed | Available | Util% |
+----------------------------+-------+-------+-----------+-------+
| CLB LUTs                   | 68561 |     0 |    230400 | 29.76 |
|   LUT as Logic             | 65198 |     0 |    230400 | 28.30 |
|   LUT as Memory            |  3363 |     0 |    101760 |  3.30 |
|     LUT as Distributed RAM |    32 |     0 |           |       |
|     LUT as Shift Register  |  3331 |     0 |           |       |
| CLB Registers              | 40379 |     0 |    460800 |  8.76 |
|   Register as Flip Flop    | 40379 |     0 |    460800 |  8.76 |
|   Register as Latch        |     0 |     0 |    460800 |  0.00 |
| CARRY8                     |  2091 |     0 |     28800 |  7.26 |
| F7 Muxes                   |  1890 |     0 |    115200 |  1.64 |
| F8 Muxes                   |    80 |     0 |     57600 |  0.14 |
| F9 Muxes                   |     0 |     0 |     28800 |  0.00 |
+----------------------------+-------+-------+-----------+-------+


1.1 Summary of Registers by Type
--------------------------------

+-------+--------------+-------------+--------------+
| Total | Clock Enable | Synchronous | Asynchronous |
+-------+--------------+-------------+--------------+
| 0     |            _ |           - |            - |
| 0     |            _ |           - |          Set |
| 0     |            _ |           - |        Reset |
| 0     |            _ |         Set |            - |
| 0     |            _ |       Reset |            - |
| 0     |          Yes |           - |            - |
| 45    |          Yes |           - |          Set |
| 33855 |          Yes |           - |        Reset |
| 10    |          Yes |         Set |            - |
| 6469  |          Yes |       Reset |            - |
+-------+--------------+-------------+--------------+


2. CLB Logic Distribution
-------------------------

+--------------------------------------------+-------+-------+-----------+-------+
|                  Site Type                 |  Used | Fixed | Available | Util% |
+--------------------------------------------+-------+-------+-----------+-------+
| CLB                                        | 11412 |     0 |     28800 | 39.63 |
|   CLBL                                     |  6389 |     0 |           |       |
|   CLBM                                     |  5023 |     0 |           |       |
| LUT as Logic                               | 65198 |     0 |    230400 | 28.30 |
|   using O5 output only                     |   303 |       |           |       |
|   using O6 output only                     | 44504 |       |           |       |
|   using O5 and O6                          | 20391 |       |           |       |
| LUT as Memory                              |  3363 |     0 |    101760 |  3.30 |
|   LUT as Distributed RAM                   |    32 |     0 |           |       |
|     using O5 output only                   |     0 |       |           |       |
|     using O6 output only                   |     0 |       |           |       |
|     using O5 and O6                        |    32 |       |           |       |
|   LUT as Shift Register                    |  3331 |     0 |           |       |
|     using O5 output only                   |     0 |       |           |       |
|     using O6 output only                   |  3300 |       |           |       |
|     using O5 and O6                        |    31 |       |           |       |
| CLB Registers                              | 40379 |     0 |    460800 |  8.76 |
|   Register driven from within the CLB      | 33667 |       |           |       |
|   Register driven from outside the CLB     |  6712 |       |           |       |
|     LUT in front of the register is unused |  3986 |       |           |       |
|     LUT in front of the register is used   |  2726 |       |           |       |
| Unique Control Sets                        |   667 |       |     57600 |  1.16 |
+--------------------------------------------+-------+-------+-----------+-------+
* * Note: Available Control Sets calculated as Slices * 2, Review the Control Sets Report for more information regarding control sets.


3. BLOCKRAM
-----------

+----------------+------+-------+-----------+-------+
|    Site Type   | Used | Fixed | Available | Util% |
+----------------+------+-------+-----------+-------+
| Block RAM Tile |    0 |     0 |       312 |  0.00 |
|   RAMB36/FIFO* |    0 |     0 |       312 |  0.00 |
|   RAMB18       |    0 |     0 |       624 |  0.00 |
| URAM           |    0 |     0 |        96 |  0.00 |
+----------------+------+-------+-----------+-------+
* Note: Each Block RAM Tile only has one FIFO logic available and therefore can accommodate only one FIFO36E2 or one FIFO18E2. However, if a FIFO18E2 occupies a Block RAM Tile, that tile can still accommodate a RAMB18E2


4. ARITHMETIC
-------------

+----------------+------+-------+-----------+-------+
|    Site Type   | Used | Fixed | Available | Util% |
+----------------+------+-------+-----------+-------+
| DSPs           |  192 |     0 |      1728 | 11.11 |
|   DSP48E2 only |  192 |       |           |       |
+----------------+------+-------+-----------+-------+


5. I/O
------

+------------------+------+-------+-----------+-------+
|     Site Type    | Used | Fixed | Available | Util% |
+------------------+------+-------+-----------+-------+
| Bonded IOB       |    3 |     3 |       204 |  1.47 |
| HPIOB_M          |    2 |     2 |        72 |  2.78 |
|   INPUT          |    2 |       |           |       |
|   OUTPUT         |    0 |       |           |       |
|   BIDIR          |    0 |       |           |       |
| HPIOB_S          |    1 |     1 |        72 |  1.39 |
|   INPUT          |    1 |       |           |       |
|   OUTPUT         |    0 |       |           |       |
|   BIDIR          |    0 |       |           |       |
| HDIOB_M          |    0 |     0 |        24 |  0.00 |
| HDIOB_S          |    0 |     0 |        24 |  0.00 |
| HPIOB_SNGL       |    0 |     0 |        12 |  0.00 |
| HPIOBDIFFINBUF   |    1 |     1 |       192 |  0.52 |
|   DIFFINBUF      |    1 |     1 |           |       |
| HPIOBDIFFOUTBUF  |    0 |     0 |       192 |  0.00 |
| HDIOBDIFFINBUF   |    0 |     0 |        48 |  0.00 |
| BITSLICE_CONTROL |    0 |     0 |        64 |  0.00 |
| BITSLICE_RX_TX   |    0 |     0 |       416 |  0.00 |
| BITSLICE_TX      |    0 |     0 |        64 |  0.00 |
| RIU_OR           |    0 |     0 |        32 |  0.00 |
+------------------+------+-------+-----------+-------+


6. CLOCK
--------

+----------------------+------+-------+-----------+-------+
|       Site Type      | Used | Fixed | Available | Util% |
+----------------------+------+-------+-----------+-------+
| GLOBAL CLOCK BUFFERs |    3 |     0 |       544 |  0.55 |
|   BUFGCE             |    3 |     0 |       208 |  1.44 |
|   BUFGCE_DIV         |    0 |     0 |        32 |  0.00 |
|   BUFG_GT            |    0 |     0 |       144 |  0.00 |
|   BUFG_PS            |    0 |     0 |        96 |  0.00 |
|   BUFGCTRL*          |    0 |     0 |        64 |  0.00 |
| PLL                  |    0 |     0 |        16 |  0.00 |
| MMCM                 |    1 |     0 |         8 | 12.50 |
+----------------------+------+-------+-----------+-------+
* Note: Each used BUFGCTRL counts as two GLOBAL CLOCK BUFFERs. This table does not include global clocking resources, only buffer cell usage. See the Clock Utilization Report (report_clock_utilization) for detailed accounting of global clocking resource availability.


7. ADVANCED
-----------

+-----------------+------+-------+-----------+-------+
|    Site Type    | Used | Fixed | Available | Util% |
+-----------------+------+-------+-----------+-------+
| GTHE4_CHANNEL   |    0 |     0 |        16 |  0.00 |
| GTHE4_COMMON    |    0 |     0 |         4 |  0.00 |
| OBUFDS_GTE4     |    0 |     0 |         8 |  0.00 |
| OBUFDS_GTE4_ADV |    0 |     0 |         8 |  0.00 |
| PCIE40E4        |    0 |     0 |         2 |  0.00 |
| PS8             |    0 |     0 |         1 |  0.00 |
| SYSMONE4        |    0 |     0 |         1 |  0.00 |
| VCU             |    0 |     0 |         1 |  0.00 |
+-----------------+------+-------+-----------+-------+


8. CONFIGURATION
----------------

+-------------+------+-------+-----------+-------+
|  Site Type  | Used | Fixed | Available | Util% |
+-------------+------+-------+-----------+-------+
| BSCANE2     |    1 |     0 |         4 | 25.00 |
| DNA_PORTE2  |    0 |     0 |         1 |  0.00 |
| EFUSE_USR   |    0 |     0 |         1 |  0.00 |
| FRAME_ECCE4 |    0 |     0 |         1 |  0.00 |
| ICAPE3      |    0 |     0 |         2 |  0.00 |
| MASTER_JTAG |    0 |     0 |         1 |  0.00 |
| STARTUPE3   |    0 |     0 |         1 |  0.00 |
+-------------+------+-------+-----------+-------+


9. Primitives
-------------

+------------+-------+---------------------+
|  Ref Name  |  Used | Functional Category |
+------------+-------+---------------------+
| FDCE       | 33855 |            Register |
| LUT2       | 29774 |                 CLB |
| LUT6       | 18395 |                 CLB |
| LUT3       | 18142 |                 CLB |
| LUT4       |  9500 |                 CLB |
| LUT5       |  8061 |                 CLB |
| FDRE       |  6469 |            Register |
| SRL16E     |  3362 |                 CLB |
| CARRY8     |  2091 |                 CLB |
| MUXF7      |  1890 |                 CLB |
| LUT1       |  1717 |                 CLB |
| DSP48E2    |   192 |          Arithmetic |
| MUXF8      |    80 |                 CLB |
| RAMD32     |    56 |                 CLB |
| FDPE       |    45 |            Register |
| FDSE       |    10 |            Register |
| RAMS32     |     8 |                 CLB |
| BUFGCE     |     3 |               Clock |
| IBUFCTRL   |     2 |              Others |
| MMCME4_ADV |     1 |               Clock |
| INBUF      |     1 |                 I/O |
| DIFFINBUF  |     1 |                 I/O |
| BSCANE2    |     1 |       Configuration |
+------------+-------+---------------------+


10. Black Boxes
---------------

+----------+------+
| Ref Name | Used |
+----------+------+


11. Instantiated Netlists
-------------------------

+-----------+------+
|  Ref Name | Used |
+-----------+------+
| vio_fft   |    1 |
| dbg_hub   |    1 |
| clk_wiz_0 |    1 |
+-----------+------+


